<?xml version="1.0" encoding="UTF-8"?>
<!-- Generated by org.testng.reporters.JUnitReportReporter -->
<testsuite hostname="ADMINRG-B9V8QPJ" name="Testcases.VerifyLogInPagewithReport" tests="1" failures="0" timestamp="29 Jul 2017 17:19:05 GMT" time="23.712" errors="0">
  <testcase name="verifyTestcase" time="23.712" classname="Testcases.VerifyLogInPagewithReport"/>
</testsuite> <!-- Testcases.VerifyLogInPagewithReport -->
