<?xml version="1.0" encoding="UTF-8"?>
<!-- Generated by org.testng.reporters.JUnitReportReporter -->
<testsuite hostname="ADMINRG-B9V8QPJ" name="Testcases.VerifyLogInPage" tests="1" failures="0" timestamp="30 Jul 2017 17:14:27 GMT" time="36.982" errors="0">
  <testcase name="verifyTestcase" time="36.982" classname="Testcases.VerifyLogInPage"/>
</testsuite> <!-- Testcases.VerifyLogInPage -->
